<?xml version="1.0" encoding="UTF-8"?>
<testng-results skipped="0" failed="0" ignored="0" total="1" passed="1">
  <reporter-output>
  </reporter-output>
  <suite name="Project.maven.AppTest" duration-ms="24" started-at="2017-03-23T04:51:27Z" finished-at="2017-03-23T04:51:27Z">
    <groups>
    </groups>
    <test name="Command line test" duration-ms="24" started-at="2017-03-23T04:51:27Z" finished-at="2017-03-23T04:51:27Z">
      <class name="Project.maven.AppTest">
        <test-method status="PASS" signature="testCase()[pri:0, instance:Project.maven.AppTest@2f7c7260]" name="testCase" duration-ms="10" started-at="2017-03-23T10:21:27Z" finished-at="2017-03-23T10:21:27Z">
          <reporter-output>
          </reporter-output>
        </test-method> <!-- testCase -->
      </class> <!-- Project.maven.AppTest -->
    </test> <!-- Command line test -->
  </suite> <!-- Project.maven.AppTest -->
</testng-results>
